Started GET "/" for ::1 at 2020-12-24 21:40:12 +0800
Processing by Rails::WelcomeController#index as HTML
  Rendering C:/Ruby26-x64/lib/ruby/gems/2.6.0/gems/railties-5.2.4.4/lib/rails/templates/rails/welcome/index.html.erb
  Rendered C:/Ruby26-x64/lib/ruby/gems/2.6.0/gems/railties-5.2.4.4/lib/rails/templates/rails/welcome/index.html.erb (18.5ms)
Completed 200 OK in 99ms (Views: 81.1ms | ActiveRecord: 0.0ms)


Started GET "/" for ::1 at 2020-12-24 21:55:25 +0800
Processing by HomeController#top as HTML
  Rendering home/top.html.erb within layouts/application
  Rendered home/top.html.erb within layouts/application (5.8ms)
Completed 200 OK in 1060ms (Views: 1048.0ms | ActiveRecord: 0.0ms)


Started GET "/" for ::1 at 2020-12-24 22:00:00 +0800
Processing by HomeController#top as HTML
  Rendering home/top.html.erb within layouts/application
  Rendered home/top.html.erb within layouts/application (0.4ms)
Completed 200 OK in 169ms (Views: 162.3ms | ActiveRecord: 0.0ms)


Started GET "/" for ::1 at 2020-12-24 22:00:43 +0800
Processing by HomeController#top as HTML
  Rendering home/top.html.erb within layouts/application
  Rendered home/top.html.erb within layouts/application (0.3ms)
Completed 200 OK in 84ms (Views: 78.4ms | ActiveRecord: 0.0ms)


Started GET "/" for ::1 at 2020-12-24 22:01:11 +0800
Processing by HomeController#top as HTML
  Rendering home/top.html.erb within layouts/application
  Rendered home/top.html.erb within layouts/application (0.4ms)
Completed 200 OK in 107ms (Views: 102.4ms | ActiveRecord: 0.0ms)


Started GET "/" for ::1 at 2020-12-24 22:01:49 +0800
Processing by HomeController#top as HTML
  Rendering home/top.html.erb within layouts/application
  Rendered home/top.html.erb within layouts/application (0.6ms)
Completed 200 OK in 164ms (Views: 158.5ms | ActiveRecord: 0.0ms)


Started GET "/" for ::1 at 2020-12-24 22:02:18 +0800
Processing by HomeController#top as HTML
  Rendering home/top.html.erb within layouts/application
  Rendered home/top.html.erb within layouts/application (0.4ms)
Completed 200 OK in 107ms (Views: 101.2ms | ActiveRecord: 0.0ms)


Started GET "/" for ::1 at 2020-12-24 22:02:37 +0800
Processing by HomeController#top as HTML
  Rendering home/top.html.erb within layouts/application
  Rendered home/top.html.erb within layouts/application (0.3ms)
Completed 200 OK in 121ms (Views: 113.4ms | ActiveRecord: 0.0ms)


Started GET "/" for ::1 at 2020-12-24 22:02:55 +0800
Processing by HomeController#top as HTML
  Rendering home/top.html.erb within layouts/application
  Rendered home/top.html.erb within layouts/application (0.3ms)
Completed 200 OK in 140ms (Views: 132.7ms | ActiveRecord: 0.0ms)


Started GET "/" for ::1 at 2020-12-24 22:03:21 +0800
Processing by HomeController#top as HTML
  Rendering home/top.html.erb within layouts/application
  Rendered home/top.html.erb within layouts/application (0.4ms)
Completed 200 OK in 71ms (Views: 64.6ms | ActiveRecord: 0.0ms)


Started GET "/" for ::1 at 2020-12-24 22:03:35 +0800
Processing by HomeController#top as HTML
  Rendering home/top.html.erb within layouts/application
  Rendered home/top.html.erb within layouts/application (0.3ms)
Completed 200 OK in 118ms (Views: 113.1ms | ActiveRecord: 0.0ms)


Started GET "/" for ::1 at 2020-12-24 22:03:46 +0800
Processing by HomeController#top as HTML
  Rendering home/top.html.erb within layouts/application
  Rendered home/top.html.erb within layouts/application (0.4ms)
Completed 200 OK in 152ms (Views: 146.6ms | ActiveRecord: 0.0ms)


Started GET "/" for ::1 at 2020-12-24 22:03:55 +0800
Processing by HomeController#top as HTML
  Rendering home/top.html.erb within layouts/application
  Rendered home/top.html.erb within layouts/application (0.4ms)
Completed 200 OK in 114ms (Views: 105.7ms | ActiveRecord: 0.0ms)


Started GET "/" for ::1 at 2020-12-24 22:15:38 +0800
Processing by HomeController#top as HTML
  Rendering home/top.html.erb within layouts/application
  Rendered home/top.html.erb within layouts/application (143.9ms)
Completed 200 OK in 240ms (Views: 234.6ms | ActiveRecord: 0.0ms)


Started GET "/" for ::1 at 2020-12-24 22:16:41 +0800
Processing by HomeController#top as HTML
  Rendering home/top.html.erb within layouts/application
  Rendered home/top.html.erb within layouts/application (5.0ms)
Completed 200 OK in 117ms (Views: 111.8ms | ActiveRecord: 0.0ms)


Started GET "/" for ::1 at 2020-12-24 22:16:44 +0800
Processing by HomeController#top as HTML
  Rendering home/top.html.erb within layouts/application
  Rendered home/top.html.erb within layouts/application (3.8ms)
Completed 200 OK in 98ms (Views: 89.4ms | ActiveRecord: 0.0ms)


Started GET "/" for ::1 at 2020-12-24 22:19:31 +0800
Processing by HomeController#top as HTML
  Rendering home/top.html.erb within layouts/application
  Rendered home/top.html.erb within layouts/application (4.3ms)
Completed 200 OK in 125ms (Views: 121.0ms | ActiveRecord: 0.0ms)


Started GET "/" for ::1 at 2020-12-24 22:20:54 +0800
Processing by HomeController#top as HTML
  Rendering home/top.html.erb within layouts/application
  Rendered home/top.html.erb within layouts/application (4.1ms)
Completed 200 OK in 147ms (Views: 134.6ms | ActiveRecord: 0.0ms)


Started GET "/" for ::1 at 2020-12-24 22:21:49 +0800
Processing by HomeController#top as HTML
  Rendering home/top.html.erb within layouts/application
  Rendered home/top.html.erb within layouts/application (4.1ms)
Completed 200 OK in 110ms (Views: 99.6ms | ActiveRecord: 0.0ms)


Started GET "/" for ::1 at 2020-12-24 22:21:55 +0800
Processing by HomeController#top as HTML
  Rendering home/top.html.erb within layouts/application
  Rendered home/top.html.erb within layouts/application (3.9ms)
Completed 200 OK in 117ms (Views: 111.0ms | ActiveRecord: 0.0ms)


Started GET "/" for ::1 at 2020-12-24 22:23:19 +0800
Processing by HomeController#top as HTML
  Rendering home/top.html.erb within layouts/application
  Rendered home/top.html.erb within layouts/application (10.5ms)
Completed 200 OK in 110ms (Views: 104.2ms | ActiveRecord: 0.0ms)


Started GET "/" for ::1 at 2020-12-24 22:23:23 +0800
Processing by HomeController#top as HTML
  Rendering home/top.html.erb within layouts/application
  Rendered home/top.html.erb within layouts/application (25.3ms)
Completed 200 OK in 192ms (Views: 164.5ms | ActiveRecord: 0.0ms)


Started GET "/" for ::1 at 2020-12-24 22:23:43 +0800
Processing by HomeController#top as HTML
  Rendering home/top.html.erb within layouts/application
  Rendered home/top.html.erb within layouts/application (31.5ms)
Completed 200 OK in 261ms (Views: 245.3ms | ActiveRecord: 0.0ms)


Started GET "/" for ::1 at 2020-12-24 22:24:27 +0800
Processing by HomeController#top as HTML
  Rendering home/top.html.erb within layouts/application
  Rendered home/top.html.erb within layouts/application (4.6ms)
Completed 200 OK in 109ms (Views: 101.3ms | ActiveRecord: 0.0ms)


Started GET "/" for ::1 at 2020-12-24 22:25:27 +0800
Processing by HomeController#top as HTML
  Rendering home/top.html.erb within layouts/application
  Rendered home/top.html.erb within layouts/application (4.6ms)
Completed 200 OK in 115ms (Views: 108.1ms | ActiveRecord: 0.0ms)


Started GET "/" for ::1 at 2020-12-24 22:28:29 +0800
Processing by HomeController#top as HTML
  Rendering home/top.html.erb within layouts/application
  Rendered home/top.html.erb within layouts/application (5.1ms)
Completed 200 OK in 103ms (Views: 96.1ms | ActiveRecord: 0.0ms)


Started GET "/" for ::1 at 2020-12-24 22:28:46 +0800
Processing by HomeController#top as HTML
  Rendering home/top.html.erb within layouts/application
  Rendered home/top.html.erb within layouts/application (4.4ms)
Completed 200 OK in 99ms (Views: 91.0ms | ActiveRecord: 0.0ms)


Started GET "/" for ::1 at 2020-12-24 22:29:12 +0800
Processing by HomeController#top as HTML
  Rendering home/top.html.erb within layouts/application
  Rendered home/top.html.erb within layouts/application (3.4ms)
Completed 200 OK in 100ms (Views: 95.7ms | ActiveRecord: 0.0ms)


Started GET "/" for ::1 at 2020-12-24 22:29:46 +0800
Processing by HomeController#top as HTML
  Rendering home/top.html.erb within layouts/application
  Rendered home/top.html.erb within layouts/application (5.3ms)
Completed 200 OK in 97ms (Views: 89.5ms | ActiveRecord: 0.0ms)


Started GET "/" for ::1 at 2020-12-24 22:30:06 +0800
Processing by HomeController#top as HTML
  Rendering home/top.html.erb within layouts/application
  Rendered home/top.html.erb within layouts/application (6.0ms)
Completed 200 OK in 119ms (Views: 112.0ms | ActiveRecord: 0.0ms)


Started GET "/" for ::1 at 2020-12-24 22:30:16 +0800
Processing by HomeController#top as HTML
  Rendering home/top.html.erb within layouts/application
  Rendered home/top.html.erb within layouts/application (4.6ms)
Completed 200 OK in 94ms (Views: 86.6ms | ActiveRecord: 0.0ms)


Started GET "/" for ::1 at 2020-12-24 22:31:17 +0800
Processing by HomeController#top as HTML
  Rendering home/top.html.erb within layouts/application
  Rendered home/top.html.erb within layouts/application (8.7ms)
Completed 200 OK in 141ms (Views: 134.1ms | ActiveRecord: 0.0ms)


Started GET "/" for ::1 at 2020-12-24 22:31:26 +0800
Processing by HomeController#top as HTML
  Rendering home/top.html.erb within layouts/application
  Rendered home/top.html.erb within layouts/application (10.8ms)
Completed 200 OK in 116ms (Views: 105.4ms | ActiveRecord: 0.0ms)


Started GET "/" for ::1 at 2020-12-24 22:31:40 +0800
Processing by HomeController#top as HTML
  Rendering home/top.html.erb within layouts/application
  Rendered home/top.html.erb within layouts/application (7.3ms)
Completed 200 OK in 141ms (Views: 130.2ms | ActiveRecord: 0.0ms)


Started GET "/" for ::1 at 2020-12-24 22:32:27 +0800
Processing by HomeController#top as HTML
  Rendering home/top.html.erb within layouts/application
  Rendered home/top.html.erb within layouts/application (3.5ms)
Completed 200 OK in 107ms (Views: 100.1ms | ActiveRecord: 0.0ms)


Started GET "/" for ::1 at 2020-12-24 22:32:41 +0800
Processing by HomeController#top as HTML
  Rendering home/top.html.erb within layouts/application
  Rendered home/top.html.erb within layouts/application (3.8ms)
Completed 200 OK in 112ms (Views: 103.0ms | ActiveRecord: 0.0ms)


Started GET "/" for ::1 at 2020-12-24 22:32:57 +0800
Processing by HomeController#top as HTML
  Rendering home/top.html.erb within layouts/application
  Rendered home/top.html.erb within layouts/application (4.6ms)
Completed 200 OK in 144ms (Views: 136.4ms | ActiveRecord: 0.0ms)


Started GET "/" for ::1 at 2020-12-24 22:33:51 +0800
Processing by HomeController#top as HTML
  Rendering home/top.html.erb within layouts/application
  Rendered home/top.html.erb within layouts/application (4.8ms)
Completed 200 OK in 123ms (Views: 113.9ms | ActiveRecord: 0.0ms)


Started GET "/" for ::1 at 2020-12-24 22:33:54 +0800
Processing by HomeController#top as HTML
  Rendering home/top.html.erb within layouts/application
  Rendered home/top.html.erb within layouts/application (8.5ms)
Completed 200 OK in 121ms (Views: 110.5ms | ActiveRecord: 0.0ms)


Started GET "/" for ::1 at 2020-12-24 22:34:09 +0800
Processing by HomeController#top as HTML
  Rendering home/top.html.erb within layouts/application
  Rendered home/top.html.erb within layouts/application (4.7ms)
Completed 200 OK in 102ms (Views: 95.2ms | ActiveRecord: 0.0ms)


Started GET "/" for ::1 at 2020-12-24 22:34:11 +0800
Processing by HomeController#top as HTML
  Rendering home/top.html.erb within layouts/application
  Rendered home/top.html.erb within layouts/application (4.5ms)
Completed 200 OK in 97ms (Views: 88.7ms | ActiveRecord: 0.0ms)


Started GET "/" for ::1 at 2020-12-24 22:34:29 +0800
Processing by HomeController#top as HTML
  Rendering home/top.html.erb within layouts/application
  Rendered home/top.html.erb within layouts/application (7.3ms)
Completed 200 OK in 90ms (Views: 83.5ms | ActiveRecord: 0.0ms)


Started GET "/" for ::1 at 2020-12-24 22:37:14 +0800
Processing by HomeController#top as HTML
  Rendering home/top.html.erb within layouts/application
  Rendered home/top.html.erb within layouts/application (5.6ms)
Completed 200 OK in 144ms (Views: 136.4ms | ActiveRecord: 0.0ms)


Started GET "/" for ::1 at 2020-12-24 22:37:49 +0800
Processing by HomeController#top as HTML
  Rendering home/top.html.erb within layouts/application
  Rendered home/top.html.erb within layouts/application (5.2ms)
Completed 200 OK in 119ms (Views: 112.0ms | ActiveRecord: 0.0ms)


Started GET "/" for ::1 at 2020-12-24 22:38:12 +0800
Processing by HomeController#top as HTML
  Rendering home/top.html.erb within layouts/application
  Rendered home/top.html.erb within layouts/application (4.6ms)
Completed 200 OK in 138ms (Views: 132.5ms | ActiveRecord: 0.0ms)


Started GET "/" for ::1 at 2020-12-24 22:40:12 +0800
Processing by HomeController#top as HTML
  Rendering home/top.html.erb within layouts/application
  Rendered home/top.html.erb within layouts/application (4.9ms)
Completed 200 OK in 127ms (Views: 120.1ms | ActiveRecord: 0.0ms)


Started GET "/" for ::1 at 2020-12-24 22:40:15 +0800
Processing by HomeController#top as HTML
  Rendering home/top.html.erb within layouts/application
  Rendered home/top.html.erb within layouts/application (4.4ms)
Completed 200 OK in 131ms (Views: 120.6ms | ActiveRecord: 0.0ms)


Started GET "/" for ::1 at 2020-12-24 22:42:39 +0800
Processing by HomeController#top as HTML
  Rendering home/top.html.erb within layouts/application
  Rendered home/top.html.erb within layouts/application (7.4ms)
Completed 200 OK in 158ms (Views: 152.6ms | ActiveRecord: 0.0ms)


Started GET "/" for ::1 at 2020-12-24 22:42:42 +0800
Processing by HomeController#top as HTML
  Rendering home/top.html.erb within layouts/application
  Rendered home/top.html.erb within layouts/application (18.8ms)
Completed 200 OK in 117ms (Views: 108.6ms | ActiveRecord: 0.0ms)


